2023-02-09T19:05:09+00:00 CRITICAL Uncaught Error: Call to undefined function mtem_get_latest_post() in /www/wwwroot/awaytogreen.com/wp-content/themes/sanger/template-parts/home/section-4.php:11
Stack trace:
#0 /www/wwwroot/awaytogreen.com/wp-includes/template.php(785): require()
#1 /www/wwwroot/awaytogreen.com/wp-includes/template.php(718): load_template()
#2 /www/wwwroot/awaytogreen.com/wp-includes/general-template.php(204): locate_template()
#3 /www/wwwroot/awaytogreen.com/wp-content/themes/sanger/index.php(27): get_template_part()
#4 /www/wwwroot/awaytogreen.com/wp-includes/template-loader.php(106): include('/www/wwwroot/aw...')
#5 /www/wwwroot/awaytogreen.com/wp-blog-header.php(19): require_once('/www/wwwroot/aw...')
#6 /www/wwwroot/awaytogreen.com/index.php(17): require('/www/wwwroot/aw...')
#7 {main}
  thrown in /www/wwwroot/awaytogreen.com/wp-content/themes/sanger/template-parts/home/section-4.php on line 11

2023-02-09T19:06:00+00:00 CRITICAL Uncaught Error: Call to undefined function mtem_get_latest_post() in /www/wwwroot/awaytogreen.com/wp-content/themes/sanger/template-parts/home/section-4.php:11
Stack trace:
#0 /www/wwwroot/awaytogreen.com/wp-includes/template.php(785): require()
#1 /www/wwwroot/awaytogreen.com/wp-includes/template.php(718): load_template()
#2 /www/wwwroot/awaytogreen.com/wp-includes/general-template.php(204): locate_template()
#3 /www/wwwroot/awaytogreen.com/wp-content/themes/sanger/index.php(27): get_template_part()
#4 /www/wwwroot/awaytogreen.com/wp-includes/template-loader.php(106): include('/www/wwwroot/aw...')
#5 /www/wwwroot/awaytogreen.com/wp-blog-header.php(19): require_once('/www/wwwroot/aw...')
#6 /www/wwwroot/awaytogreen.com/index.php(17): require('/www/wwwroot/aw...')
#7 {main}
  thrown in /www/wwwroot/awaytogreen.com/wp-content/themes/sanger/template-parts/home/section-4.php on line 11

2023-02-09T19:06:06+00:00 CRITICAL Uncaught Error: Call to undefined function mtem_get_latest_post() in /www/wwwroot/awaytogreen.com/wp-content/themes/sanger/template-parts/home/section-4.php:11
Stack trace:
#0 /www/wwwroot/awaytogreen.com/wp-includes/template.php(785): require()
#1 /www/wwwroot/awaytogreen.com/wp-includes/template.php(718): load_template()
#2 /www/wwwroot/awaytogreen.com/wp-includes/general-template.php(204): locate_template()
#3 /www/wwwroot/awaytogreen.com/wp-content/themes/sanger/index.php(27): get_template_part()
#4 /www/wwwroot/awaytogreen.com/wp-includes/template-loader.php(106): include('/www/wwwroot/aw...')
#5 /www/wwwroot/awaytogreen.com/wp-blog-header.php(19): require_once('/www/wwwroot/aw...')
#6 /www/wwwroot/awaytogreen.com/index.php(17): require('/www/wwwroot/aw...')
#7 {main}
  thrown in /www/wwwroot/awaytogreen.com/wp-content/themes/sanger/template-parts/home/section-4.php on line 11

